[2020-03-19 19:24:29] local.ERROR: Unable to guess the MIME type as no guessers are available (have you enable the php_fileinfo extension?). {"userId":4,"exception":"[object] (Symfony\\Component\\Mime\\Exception\\LogicException(code: 0): Unable to guess the MIME type as no guessers are available (have you enable the php_fileinfo extension?). at C:\\phpdesktop-chrome-57.0-rc-php-7.1.3\\www\\vendor\\symfony\\mime\\MimeTypes.php:140)
[stacktrace]
#0 C:\\phpdesktop-chrome-57.0-rc-php-7.1.3\\www\\vendor\\symfony\\http-foundation\\File\\File.php(73): Symfony\\Component\\Mime\\MimeTypes->guessMimeType('C:\\\\Users\\\\Abraha...')
#1 C:\\phpdesktop-chrome-57.0-rc-php-7.1.3\\www\\vendor\\symfony\\http-foundation\\File\\File.php(57): Symfony\\Component\\HttpFoundation\\File\\File->getMimeType()
#2 C:\\phpdesktop-chrome-57.0-rc-php-7.1.3\\www\\vendor\\laravel\\framework\\src\\Illuminate\\Validation\\Concerns\\ValidatesAttributes.php(1193): Symfony\\Component\\HttpFoundation\\File\\File->guessExtension()
#3 C:\\phpdesktop-chrome-57.0-rc-php-7.1.3\\www\\vendor\\laravel\\framework\\src\\Illuminate\\Validation\\Concerns\\ValidatesAttributes.php(1041): Illuminate\\Validation\\Validator->validateMimes('avatar', Object(Illuminate\\Http\\UploadedFile), Array)
#4 C:\\phpdesktop-chrome-57.0-rc-php-7.1.3\\www\\vendor\\laravel\\framework\\src\\Illuminate\\Validation\\Validator.php(457): Illuminate\\Validation\\Validator->validateImage('avatar', Object(Illuminate\\Http\\UploadedFile), Array, Object(Illuminate\\Validation\\Validator))
#5 C:\\phpdesktop-chrome-57.0-rc-php-7.1.3\\www\\vendor\\laravel\\framework\\src\\Illuminate\\Validation\\Validator.php(300): Illuminate\\Validation\\Validator->validateAttribute('avatar', 'Image')
#6 C:\\phpdesktop-chrome-57.0-rc-php-7.1.3\\www\\vendor\\laravel\\framework\\src\\Illuminate\\Validation\\Validator.php(331): Illuminate\\Validation\\Validator->passes()
#7 C:\\phpdesktop-chrome-57.0-rc-php-7.1.3\\www\\vendor\\laravel\\framework\\src\\Illuminate\\Validation\\Validator.php(373): Illuminate\\Validation\\Validator->fails()
#8 C:\\phpdesktop-chrome-57.0-rc-php-7.1.3\\www\\vendor\\laravel\\framework\\src\\Illuminate\\Foundation\\Validation\\ValidatesRequests.php(47): Illuminate\\Validation\\Validator->validate()
#9 C:\\phpdesktop-chrome-57.0-rc-php-7.1.3\\www\\app\\Http\\Controllers\\ProfileController.php(73): App\\Http\\Controllers\\Controller->validate(Object(Illuminate\\Http\\Request), Array)
#10 [internal function]: App\\Http\\Controllers\\ProfileController->update(Object(Illuminate\\Http\\Request), '4')
#11 C:\\phpdesktop-chrome-57.0-rc-php-7.1.3\\www\\vendor\\laravel\\framework\\src\\Illuminate\\Routing\\Controller.php(54): call_user_func_array(Array, Array)
#12 C:\\phpdesktop-chrome-57.0-rc-php-7.1.3\\www\\vendor\\laravel\\framework\\src\\Illuminate\\Routing\\ControllerDispatcher.php(45): Illuminate\\Routing\\Controller->callAction('update', Array)
#13 C:\\phpdesktop-chrome-57.0-rc-php-7.1.3\\www\\vendor\\laravel\\framework\\src\\Illuminate\\Routing\\Route.php(219): Illuminate\\Routing\\ControllerDispatcher->dispatch(Object(Illuminate\\Routing\\Route), Object(App\\Http\\Controllers\\ProfileController), 'update')
#14 C:\\phpdesktop-chrome-57.0-rc-php-7.1.3\\www\\vendor\\laravel\\framework\\src\\Illuminate\\Routing\\Route.php(176): Illuminate\\Routing\\Route->runController()
#15 C:\\phpdesktop-chrome-57.0-rc-php-7.1.3\\www\\vendor\\laravel\\framework\\src\\Illuminate\\Routing\\Router.php(681): Illuminate\\Routing\\Route->run()
#16 C:\\phpdesktop-chrome-57.0-rc-php-7.1.3\\www\\vendor\\laravel\\framework\\src\\Illuminate\\Pipeline\\Pipeline.php(130): Illuminate\\Routing\\Router->Illuminate\\Routing\\{closure}(Object(Illuminate\\Http\\Request))
#17 C:\\phpdesktop-chrome-57.0-rc-php-7.1.3\\www\\vendor\\laravel\\framework\\src\\Illuminate\\Routing\\Middleware\\SubstituteBindings.php(41): Illuminate\\Pipeline\\Pipeline->Illuminate\\Pipeline\\{closure}(Object(Illuminate\\Http\\Request))
#18 C:\\phpdesktop-chrome-57.0-rc-php-7.1.3\\www\\vendor\\laravel\\framework\\src\\Illuminate\\Pipeline\\Pipeline.php(171): Illuminate\\Routing\\Middleware\\SubstituteBindings->handle(Object(Illuminate\\Http\\Request), Object(Closure))
#19 C:\\phpdesktop-chrome-57.0-rc-php-7.1.3\\www\\vendor\\laravel\\framework\\src\\Illuminate\\Auth\\Middleware\\Authenticate.php(43): Illuminate\\Pipeline\\Pipeline->Illuminate\\Pipeline\\{closure}(Object(Illuminate\\Http\\Request))
#20 C:\\phpdesktop-chrome-57.0-rc-php-7.1.3\\www\\vendor\\laravel\\framework\\src\\Illuminate\\Pipeline\\Pipeline.php(171): Illuminate\\Auth\\Middleware\\Authenticate->handle(Object(Illuminate\\Http\\Request), Object(Closure))
#21 C:\\phpdesktop-chrome-57.0-rc-php-7.1.3\\www\\vendor\\laravel\\framework\\src\\Illuminate\\Foundation\\Http\\Middleware\\VerifyCsrfToken.php(76): Illuminate\\Pipeline\\Pipeline->Illuminate\\Pipeline\\{closure}(Object(Illuminate\\Http\\Request))
#22 C:\\phpdesktop-chrome-57.0-rc-php-7.1.3\\www\\vendor\\laravel\\framework\\src\\Illuminate\\Pipeline\\Pipeline.php(171): Illuminate\\Foundation\\Http\\Middleware\\VerifyCsrfToken->handle(Object(Illuminate\\Http\\Request), Object(Closure))
#23 C:\\phpdesktop-chrome-57.0-rc-php-7.1.3\\www\\vendor\\laravel\\framework\\src\\Illuminate\\View\\Middleware\\ShareErrorsFromSession.php(49): Illuminate\\Pipeline\\Pipeline->Illuminate\\Pipeline\\{closure}(Object(Illuminate\\Http\\Request))
#24 C:\\phpdesktop-chrome-57.0-rc-php-7.1.3\\www\\vendor\\laravel\\framework\\src\\Illuminate\\Pipeline\\Pipeline.php(171): Illuminate\\View\\Middleware\\ShareErrorsFromSession->handle(Object(Illuminate\\Http\\Request), Object(Closure))
#25 C:\\phpdesktop-chrome-57.0-rc-php-7.1.3\\www\\vendor\\laravel\\framework\\src\\Illuminate\\Session\\Middleware\\StartSession.php(56): Illuminate\\Pipeline\\Pipeline->Illuminate\\Pipeline\\{closure}(Object(Illuminate\\Http\\Request))
#26 C:\\phpdesktop-chrome-57.0-rc-php-7.1.3\\www\\vendor\\laravel\\framework\\src\\Illuminate\\Pipeline\\Pipeline.php(171): Illuminate\\Session\\Middleware\\StartSession->handle(Object(Illuminate\\Http\\Request), Object(Closure))
#27 C:\\phpdesktop-chrome-57.0-rc-php-7.1.3\\www\\vendor\\laravel\\framework\\src\\Illuminate\\Cookie\\Middleware\\AddQueuedCookiesToResponse.php(37): Illuminate\\Pipeline\\Pipeline->Illuminate\\Pipeline\\{closure}(Object(Illuminate\\Http\\Request))
#28 C:\\phpdesktop-chrome-57.0-rc-php-7.1.3\\www\\vendor\\laravel\\framework\\src\\Illuminate\\Pipeline\\Pipeline.php(171): Illuminate\\Cookie\\Middleware\\AddQueuedCookiesToResponse->handle(Object(Illuminate\\Http\\Request), Object(Closure))
#29 C:\\phpdesktop-chrome-57.0-rc-php-7.1.3\\www\\vendor\\laravel\\framework\\src\\Illuminate\\Cookie\\Middleware\\EncryptCookies.php(66): Illuminate\\Pipeline\\Pipeline->Illuminate\\Pipeline\\{closure}(Object(Illuminate\\Http\\Request))
#30 C:\\phpdesktop-chrome-57.0-rc-php-7.1.3\\www\\vendor\\laravel\\framework\\src\\Illuminate\\Pipeline\\Pipeline.php(171): Illuminate\\Cookie\\Middleware\\EncryptCookies->handle(Object(Illuminate\\Http\\Request), Object(Closure))
#31 C:\\phpdesktop-chrome-57.0-rc-php-7.1.3\\www\\vendor\\laravel\\framework\\src\\Illuminate\\Pipeline\\Pipeline.php(105): Illuminate\\Pipeline\\Pipeline->Illuminate\\Pipeline\\{closure}(Object(Illuminate\\Http\\Request))
#32 C:\\phpdesktop-chrome-57.0-rc-php-7.1.3\\www\\vendor\\laravel\\framework\\src\\Illuminate\\Routing\\Router.php(683): Illuminate\\Pipeline\\Pipeline->then(Object(Closure))
#33 C:\\phpdesktop-chrome-57.0-rc-php-7.1.3\\www\\vendor\\laravel\\framework\\src\\Illuminate\\Routing\\Router.php(658): Illuminate\\Routing\\Router->runRouteWithinStack(Object(Illuminate\\Routing\\Route), Object(Illuminate\\Http\\Request))
#34 C:\\phpdesktop-chrome-57.0-rc-php-7.1.3\\www\\vendor\\laravel\\framework\\src\\Illuminate\\Routing\\Router.php(624): Illuminate\\Routing\\Router->runRoute(Object(Illuminate\\Http\\Request), Object(Illuminate\\Routing\\Route))
#35 C:\\phpdesktop-chrome-57.0-rc-php-7.1.3\\www\\vendor\\laravel\\framework\\src\\Illuminate\\Routing\\Router.php(613): Illuminate\\Routing\\Router->dispatchToRoute(Object(Illuminate\\Http\\Request))
#36 C:\\phpdesktop-chrome-57.0-rc-php-7.1.3\\www\\vendor\\laravel\\framework\\src\\Illuminate\\Foundation\\Http\\Kernel.php(170): Illuminate\\Routing\\Router->dispatch(Object(Illuminate\\Http\\Request))
#37 C:\\phpdesktop-chrome-57.0-rc-php-7.1.3\\www\\vendor\\laravel\\framework\\src\\Illuminate\\Pipeline\\Pipeline.php(130): Illuminate\\Foundation\\Http\\Kernel->Illuminate\\Foundation\\Http\\{closure}(Object(Illuminate\\Http\\Request))
#38 C:\\phpdesktop-chrome-57.0-rc-php-7.1.3\\www\\vendor\\laravel\\framework\\src\\Illuminate\\Foundation\\Http\\Middleware\\TransformsRequest.php(21): Illuminate\\Pipeline\\Pipeline->Illuminate\\Pipeline\\{closure}(Object(Illuminate\\Http\\Request))
#39 C:\\phpdesktop-chrome-57.0-rc-php-7.1.3\\www\\vendor\\laravel\\framework\\src\\Illuminate\\Pipeline\\Pipeline.php(171): Illuminate\\Foundation\\Http\\Middleware\\TransformsRequest->handle(Object(Illuminate\\Http\\Request), Object(Closure))
#40 C:\\phpdesktop-chrome-57.0-rc-php-7.1.3\\www\\vendor\\laravel\\framework\\src\\Illuminate\\Foundation\\Http\\Middleware\\TransformsRequest.php(21): Illuminate\\Pipeline\\Pipeline->Illuminate\\Pipeline\\{closure}(Object(Illuminate\\Http\\Request))
#41 C:\\phpdesktop-chrome-57.0-rc-php-7.1.3\\www\\vendor\\laravel\\framework\\src\\Illuminate\\Pipeline\\Pipeline.php(171): Illuminate\\Foundation\\Http\\Middleware\\TransformsRequest->handle(Object(Illuminate\\Http\\Request), Object(Closure))
#42 C:\\phpdesktop-chrome-57.0-rc-php-7.1.3\\www\\vendor\\laravel\\framework\\src\\Illuminate\\Foundation\\Http\\Middleware\\ValidatePostSize.php(27): Illuminate\\Pipeline\\Pipeline->Illuminate\\Pipeline\\{closure}(Object(Illuminate\\Http\\Request))
#43 C:\\phpdesktop-chrome-57.0-rc-php-7.1.3\\www\\vendor\\laravel\\framework\\src\\Illuminate\\Pipeline\\Pipeline.php(171): Illuminate\\Foundation\\Http\\Middleware\\ValidatePostSize->handle(Object(Illuminate\\Http\\Request), Object(Closure))
#44 C:\\phpdesktop-chrome-57.0-rc-php-7.1.3\\www\\vendor\\laravel\\framework\\src\\Illuminate\\Foundation\\Http\\Middleware\\CheckForMaintenanceMode.php(63): Illuminate\\Pipeline\\Pipeline->Illuminate\\Pipeline\\{closure}(Object(Illuminate\\Http\\Request))
#45 C:\\phpdesktop-chrome-57.0-rc-php-7.1.3\\www\\vendor\\laravel\\framework\\src\\Illuminate\\Pipeline\\Pipeline.php(171): Illuminate\\Foundation\\Http\\Middleware\\CheckForMaintenanceMode->handle(Object(Illuminate\\Http\\Request), Object(Closure))
#46 C:\\phpdesktop-chrome-57.0-rc-php-7.1.3\\www\\vendor\\fideloper\\proxy\\src\\TrustProxies.php(57): Illuminate\\Pipeline\\Pipeline->Illuminate\\Pipeline\\{closure}(Object(Illuminate\\Http\\Request))
#47 C:\\phpdesktop-chrome-57.0-rc-php-7.1.3\\www\\vendor\\laravel\\framework\\src\\Illuminate\\Pipeline\\Pipeline.php(171): Fideloper\\Proxy\\TrustProxies->handle(Object(Illuminate\\Http\\Request), Object(Closure))
#48 C:\\phpdesktop-chrome-57.0-rc-php-7.1.3\\www\\vendor\\laravel\\framework\\src\\Illuminate\\Pipeline\\Pipeline.php(105): Illuminate\\Pipeline\\Pipeline->Illuminate\\Pipeline\\{closure}(Object(Illuminate\\Http\\Request))
#49 C:\\phpdesktop-chrome-57.0-rc-php-7.1.3\\www\\vendor\\laravel\\framework\\src\\Illuminate\\Foundation\\Http\\Kernel.php(145): Illuminate\\Pipeline\\Pipeline->then(Object(Closure))
#50 C:\\phpdesktop-chrome-57.0-rc-php-7.1.3\\www\\vendor\\laravel\\framework\\src\\Illuminate\\Foundation\\Http\\Kernel.php(110): Illuminate\\Foundation\\Http\\Kernel->sendRequestThroughRouter(Object(Illuminate\\Http\\Request))
#51 C:\\phpdesktop-chrome-57.0-rc-php-7.1.3\\www\\public\\index.php(55): Illuminate\\Foundation\\Http\\Kernel->handle(Object(Illuminate\\Http\\Request))
#52 {main}
"} 
